<?xml version="1.0" encoding="UTF-8"?>
<!-- Generated by org.testng.reporters.JUnitXMLReporter -->
<testsuite ignored="0" hostname="DESKTOP-40MCHP3" failures="1" tests="2" name="Run test on Chrome" time="39.908" errors="0" timestamp="28 Sep 2022 11:11:05 GMT">
  <testcase classname="tests.TestBase" name="@BeforeMethod beforeTest" time="3.858">
    <failure type="java.lang.NullPointerException" message="Cannot invoke &amp;quot;org.openqa.selenium.remote.RemoteWebDriver.get(String)&amp;quot; because the return value of &amp;quot;driver.DriverManager.getDriver()&amp;quot; is null">
      <![CDATA[java.lang.NullPointerException: Cannot invoke "org.openqa.selenium.remote.RemoteWebDriver.get(String)" because the return value of "driver.DriverManager.getDriver()" is null
at driver.DriverManager.openToPage(DriverManager.java:73)
at tests.TestBase.beforeTest(TestBase.java:16)
at java.base/java.util.concurrent.ThreadPoolExecutor.runWorker(ThreadPoolExecutor.java:1136)
at java.base/java.util.concurrent.ThreadPoolExecutor$Worker.run(ThreadPoolExecutor.java:635)
at java.base/java.lang.Thread.run(Thread.java:833)
... Removed 13 stack frames]]>
    </failure>
  </testcase> <!-- @BeforeMethod beforeTest -->
  <testcase classname="tests.TestBase" name="@AfterMethod afterTest" time="0.0">
    <skipped/>
  </testcase> <!-- @AfterMethod afterTest -->
  <testcase classname="tests.FoodyTest.TC002" name="TC002" time="0.0">
    <skipped/>
  </testcase> <!-- TC002 -->
  <testcase classname="tests.FoodyTest.TC001" name="TC001" time="30.055">
    <failure type="java.lang.AssertionError" message="&amp;quot;Giao táº­n nÆ¡i&amp;quot; title is not displayed as expected expected [true] but found [false]">
      <![CDATA[java.lang.AssertionError: "Giao táº­n nÆ¡i" title is not displayed as expected expected [true] but found [false]
at common.helpers.AssertHelper.checkTrue(AssertHelper.java:21)
at tests.FoodyTest.TC001.TC001(TC001.java:27)
at java.base/java.util.concurrent.ThreadPoolExecutor.runWorker(ThreadPoolExecutor.java:1136)
at java.base/java.util.concurrent.ThreadPoolExecutor$Worker.run(ThreadPoolExecutor.java:635)
at java.base/java.lang.Thread.run(Thread.java:833)
... Removed 13 stack frames]]>
    </failure>
  </testcase> <!-- TC001 -->
</testsuite> <!-- Run test on Chrome -->
