<!DOCTYPE html PUBLIC "-//W3C//DTD XHTML 1.1//EN" "http://www.w3.org/TR/xhtml11/DTD/xhtml11.dtd">
<html xmlns="http://www.w3.org/1999/xhtml">
<head>
<meta http-equiv="content-type" content="text/html; charset=UTF-8"/>
<title>TestNG Report</title>
<style type="text/css">table {margin-bottom:10px;border-collapse:collapse;empty-cells:show}th,td {border:1px solid #009;padding:.25em .5em}th {vertical-align:bottom}td {vertical-align:top}table a {font-weight:bold}.stripe td {background-color: #E6EBF9}.num {text-align:right}.passedodd td {background-color: #3F3}.passedeven td {background-color: #0A0}.skippedodd td {background-color: #DDD}.skippedeven td {background-color: #CCC}.failedodd td,.attn {background-color: #F33}.failedeven td,.stripe .attn {background-color: #D00}.stacktrace {white-space:pre;font-family:monospace}.totop {font-size:85%;text-align:center;border-bottom:2px solid #000}.invisible {display:none}</style>
</head>
<body>
<table>
<tr><th>Test</th><th># Passed</th><th># Skipped</th><th># Failed</th><th>Time (ms)</th><th>Included Groups</th><th>Excluded Groups</th></tr>
<tr><th colspan="7">Suite</th></tr>
<tr><td><a href="#t0">Run test on Chrome</a></td><td class="num">0</td><td class="num attn">1</td><td class="num attn">1</td><td class="num">39,908</td><td></td><td></td></tr>
</table>
<table id='summary'><thead><tr><th>Class</th><th>Method</th><th>Start</th><th>Time (ms)</th></tr></thead><tbody><tr><th colspan="4">Suite</th></tr></tbody><tbody id="t0"><tr><th colspan="4">Run test on Chrome &#8212; failed (configuration methods)</th></tr><tr class="failedeven"><td rowspan="1">tests.FoodyTest.TC002</td><td><a href="#m0">beforeTest</a></td><td rowspan="1">1664363425539</td><td rowspan="1">3858</td></tr><tr><th colspan="4">Run test on Chrome &#8212; failed</th></tr><tr class="failedeven"><td rowspan="1">tests.FoodyTest.TC001</td><td><a href="#m1">TC001</a></td><td rowspan="1">1664363432916</td><td rowspan="1">30055</td></tr><tr><th colspan="4">Run test on Chrome &#8212; skipped (configuration methods)</th></tr><tr class="skippedeven"><td rowspan="1">tests.FoodyTest.TC002</td><td><a href="#m2">afterTest</a></td><td rowspan="1">1664363430065</td><td rowspan="1">0</td></tr><tr><th colspan="4">Run test on Chrome &#8212; skipped</th></tr><tr class="skippedeven"><td rowspan="1">tests.FoodyTest.TC002</td><td><a href="#m3">TC002</a></td><td rowspan="1">1664363429928</td><td rowspan="1">0</td></tr></tbody>
</table>
<h2>Run test on Chrome</h2><h3 id="m0">tests.FoodyTest.TC002#beforeTest</h3><table class="result"><tr class="param"><th>Parameter #1</th><th>Parameter #2</th></tr><tr class="param stripe"><td>CHROME</td><td>local</td></tr><tr><th colspan="2">Exception</th></tr><tr><td colspan="2"><div class="stacktrace">java.lang.NullPointerException: Cannot invoke &quot;org.openqa.selenium.remote.RemoteWebDriver.get(String)&quot; because the return value of &quot;driver.DriverManager.getDriver()&quot; is null
	at driver.DriverManager.openToPage(DriverManager.java:73)
	at tests.TestBase.beforeTest(TestBase.java:16)
	at java.base/java.util.concurrent.ThreadPoolExecutor.runWorker(ThreadPoolExecutor.java:1136)
	at java.base/java.util.concurrent.ThreadPoolExecutor$Worker.run(ThreadPoolExecutor.java:635)
	at java.base/java.lang.Thread.run(Thread.java:833)
... Removed 13 stack frames</div></td></tr></table><p class="totop"><a href="#summary">back to summary</a></p>
<h3 id="m1">tests.FoodyTest.TC001#TC001</h3><table class="result"><tr><th>Exception</th></tr><tr><td><div class="stacktrace">java.lang.AssertionError: &quot;Giao táº­n nÆ¡i&quot; title is not displayed as expected expected [true] but found [false]
	at common.helpers.AssertHelper.checkTrue(AssertHelper.java:21)
	at tests.FoodyTest.TC001.TC001(TC001.java:27)
	at java.base/java.util.concurrent.ThreadPoolExecutor.runWorker(ThreadPoolExecutor.java:1136)
	at java.base/java.util.concurrent.ThreadPoolExecutor$Worker.run(ThreadPoolExecutor.java:635)
	at java.base/java.lang.Thread.run(Thread.java:833)
... Removed 13 stack frames</div></td></tr></table><p class="totop"><a href="#summary">back to summary</a></p>
<h3 id="m2">tests.FoodyTest.TC002#afterTest</h3><table class="result"><tr><th class="invisible"/></tr></table><p class="totop"><a href="#summary">back to summary</a></p>
<h3 id="m3">tests.FoodyTest.TC002#TC002</h3><table class="result"><tr><th>Exception</th></tr><tr><td><div class="stacktrace">java.lang.NullPointerException: Cannot invoke &quot;org.openqa.selenium.remote.RemoteWebDriver.get(String)&quot; because the return value of &quot;driver.DriverManager.getDriver()&quot; is null
	at driver.DriverManager.openToPage(DriverManager.java:73)
	at tests.TestBase.beforeTest(TestBase.java:16)
	at java.base/java.util.concurrent.ThreadPoolExecutor.runWorker(ThreadPoolExecutor.java:1136)
	at java.base/java.util.concurrent.ThreadPoolExecutor$Worker.run(ThreadPoolExecutor.java:635)
	at java.base/java.lang.Thread.run(Thread.java:833)
... Removed 13 stack frames</div></td></tr></table><p class="totop"><a href="#summary">back to summary</a></p>
</body>
</html>
